[    0.000000] Linux version 4.15.0-210-generic (buildd@lcy02-amd64-056) (gcc version 7.5.0 (Ubuntu 7.5.0-3ubuntu1~18.04)) #221-Ubuntu SMP Tue Apr 18 08:32:52 UTC 2023 (Ubuntu 4.15.0-210.221-generic 4.15.18)
[    0.000000] Command line: BOOT_IMAGE=/boot/vmlinuz-4.15.0-210-generic root=LABEL=cloudimg-rootfs ro console=tty1 console=ttyS0
[    0.000000] KERNEL supported cpus:
[    0.000000]   Intel GenuineIntel
[    0.000000]   AMD AuthenticAMD
[    0.000000]   Centaur CentaurHauls
[    0.000000] [Firmware Bug]: TSC doesn't count with P0 frequency!
[    0.000000] x86/fpu: x87 FPU will use FXSAVE
[    0.000000] e820: BIOS-provided physical RAM map:
[    0.000000] BIOS-e820: [mem 0x0000000000000000-0x000000000009fbff] usable
[    0.000000] BIOS-e820: [mem 0x000000000009fc00-0x000000000009ffff] reserved
[    0.000000] BIOS-e820: [mem 0x00000000000f0000-0x00000000000fffff] reserved
[    0.000000] BIOS-e820: [mem 0x0000000000100000-0x000000007ffeffff] usable
[    0.000000] BIOS-e820: [mem 0x000000007fff0000-0x000000007fffffff] ACPI data
[    0.000000] BIOS-e820: [mem 0x00000000fec00000-0x00000000fec00fff] reserved
[    0.000000] BIOS-e820: [mem 0x00000000fee00000-0x00000000fee00fff] reserved
[    0.000000] BIOS-e820: [mem 0x00000000fffc0000-0x00000000ffffffff] reserved
[    0.000000] NX (Execute Disable) protection: active
[    0.000000] SMBIOS 2.5 present.
[    0.000000] DMI: innotek GmbH VirtualBox/VirtualBox, BIOS VirtualBox 12/01/2006
[    0.000000] Hypervisor detected: KVM
[    0.000000] e820: last_pfn = 0x7fff0 max_arch_pfn = 0x400000000
[    0.000000] MTRR: Disabled
[    0.000000] x86/PAT: MTRRs disabled, skipping PAT initialization too.
[    0.000000] CPU MTRRs all blank - virtualized system.
[    0.000000] x86/PAT: Configuration [0-7]: WB  WT  UC- UC  WB  WT  UC- UC  
[    0.000000] found SMP MP-table at [mem 0x0009fff0-0x0009ffff]
[    0.000000] Scanning 1 areas for low memory corruption
[    0.000000] RAMDISK: [mem 0x359c9000-0x36cdbfff]
[    0.000000] ACPI: Early table checksum verification disabled
[    0.000000] ACPI: RSDP 0x00000000000E0000 000024 (v02 VBOX  )
[    0.000000] ACPI: XSDT 0x000000007FFF0030 00003C (v01 VBOX   VBOXXSDT 00000001 ASL  00000061)
[    0.000000] ACPI: FACP 0x000000007FFF00F0 0000F4 (v04 VBOX   VBOXFACP 00000001 ASL  00000061)
[    0.000000] ACPI: DSDT 0x000000007FFF0610 002353 (v02 VBOX   VBOXBIOS 00000002 INTL 20100528)
[    0.000000] ACPI: FACS 0x000000007FFF0200 000040
[    0.000000] ACPI: FACS 0x000000007FFF0200 000040
[    0.000000] ACPI: APIC 0x000000007FFF0240 00005C (v02 VBOX   VBOXAPIC 00000001 ASL  00000061)
[    0.000000] ACPI: SSDT 0x000000007FFF02A0 00036C (v01 VBOX   VBOXCPUT 00000002 INTL 20100528)
[    0.000000] ACPI: Reserving FACP table memory at [mem 0x7fff00f0-0x7fff01e3]
[    0.000000] ACPI: Reserving DSDT table memory at [mem 0x7fff0610-0x7fff2962]
[    0.000000] ACPI: Reserving FACS table memory at [mem 0x7fff0200-0x7fff023f]
[    0.000000] ACPI: Reserving FACS table memory at [mem 0x7fff0200-0x7fff023f]
[    0.000000] ACPI: Reserving APIC table memory at [mem 0x7fff0240-0x7fff029b]
[    0.000000] ACPI: Reserving SSDT table memory at [mem 0x7fff02a0-0x7fff060b]
[    0.000000] No NUMA configuration found
[    0.000000] Faking a node at [mem 0x0000000000000000-0x000000007ffeffff]
[    0.000000] NODE_DATA(0) allocated [mem 0x7ffc5000-0x7ffeffff]
[    0.000000] kvm-clock: cpu 0, msr 0:7ff44001, primary cpu clock
[    0.000000] kvm-clock: Using msrs 4b564d01 and 4b564d00
[    0.000000] kvm-clock: using sched offset of 3844314846 cycles
[    0.000000] clocksource: kvm-clock: mask: 0xffffffffffffffff max_cycles: 0x1cd42e4dffb, max_idle_ns: 881590591483 ns
[    0.000000] Zone ranges:
[    0.000000]   DMA      [mem 0x0000000000001000-0x0000000000ffffff]
[    0.000000]   DMA32    [mem 0x0000000001000000-0x000000007ffeffff]
[    0.000000]   Normal   empty
[    0.000000]   Device   empty
[    0.000000] Movable zone start for each node
[    0.000000] Early memory node ranges
[    0.000000]   node   0: [mem 0x0000000000001000-0x000000000009efff]
[    0.000000]   node   0: [mem 0x0000000000100000-0x000000007ffeffff]
[    0.000000] Reserved but unavailable: 104 pages
[    0.000000] Initmem setup node 0 [mem 0x0000000000001000-0x000000007ffeffff]
[    0.000000] ACPI: PM-Timer IO Port: 0x4008
[    0.000000] IOAPIC[0]: apic_id 2, version 32, address 0xfec00000, GSI 0-23
[    0.000000] ACPI: INT_SRC_OVR (bus 0 bus_irq 0 global_irq 2 dfl dfl)
[    0.000000] ACPI: INT_SRC_OVR (bus 0 bus_irq 9 global_irq 9 low level)
[    0.000000] Using ACPI (MADT) for SMP configuration information
[    0.000000] smpboot: Allowing 2 CPUs, 0 hotplug CPUs
[    0.000000] PM: Registered nosave memory: [mem 0x00000000-0x00000fff]
[    0.000000] PM: Registered nosave memory: [mem 0x0009f000-0x0009ffff]
[    0.000000] PM: Registered nosave memory: [mem 0x000a0000-0x000effff]
[    0.000000] PM: Registered nosave memory: [mem 0x000f0000-0x000fffff]
[    0.000000] e820: [mem 0x80000000-0xfebfffff] available for PCI devices
[    0.000000] Booting paravirtualized kernel on KVM
[    0.000000] clocksource: refined-jiffies: mask: 0xffffffff max_cycles: 0xffffffff, max_idle_ns: 7645519600211568 ns
[    0.000000] setup_percpu: NR_CPUS:8192 nr_cpumask_bits:2 nr_cpu_ids:2 nr_node_ids:1
[    0.000000] percpu: Embedded 50 pages/cpu s167936 r8192 d28672 u1048576
[    0.000000] PV qspinlock hash table entries: 256 (order: 0, 4096 bytes)
[    0.000000] Built 1 zonelists, mobility grouping on.  Total pages: 515961
[    0.000000] Policy zone: DMA32
[    0.000000] Kernel command line: BOOT_IMAGE=/boot/vmlinuz-4.15.0-210-generic root=LABEL=cloudimg-rootfs ro console=tty1 console=ttyS0
[    0.000000] Memory: 2014832K/2096696K available (12300K kernel code, 2477K rwdata, 4324K rodata, 2480K init, 2720K bss, 81864K reserved, 0K cma-reserved)
[    0.000000] SLUB: HWalign=64, Order=0-3, MinObjects=0, CPUs=2, Nodes=1
[    0.000000] ftrace: allocating 39506 entries in 155 pages
[    0.004000] Hierarchical RCU implementation.
[    0.004000] 	RCU restricting CPUs from NR_CPUS=8192 to nr_cpu_ids=2.
[    0.004000] 	Tasks RCU enabled.
[    0.004000] RCU: Adjusting geometry for rcu_fanout_leaf=16, nr_cpu_ids=2
[    0.004000] NR_IRQS: 524544, nr_irqs: 440, preallocated irqs: 16
[    0.004000] random: crng init done
[    0.004000] Console: colour VGA+ 80x25
[    0.004000] console [tty1] enabled
[    0.004000] console [ttyS0] enabled
[    0.004000] ACPI: Core revision 20170831
[    0.004000] ACPI: 2 ACPI AML tables successfully acquired and loaded
[    0.004000] APIC: Switch to symmetric I/O mode setup
[    0.004000] ..TIMER: vector=0x30 apic1=0 pin1=2 apic2=-1 pin2=-1
[    0.004000] tsc: Detected 3593.272 MHz processor
[    0.004000] Calibrating delay loop (skipped) preset value.. 7186.54 BogoMIPS (lpj=14373088)
[    0.004006] pid_max: default: 32768 minimum: 301
[    0.008081] Security Framework initialized
[    0.012003] Yama: becoming mindful.
[    0.016098] AppArmor: AppArmor initialized
[    0.034027] Dentry cache hash table entries: 262144 (order: 9, 2097152 bytes)
[    0.045495] Inode-cache hash table entries: 131072 (order: 8, 1048576 bytes)
[    0.048177] Mount-cache hash table entries: 4096 (order: 3, 32768 bytes)
[    0.052151] Mountpoint-cache hash table entries: 4096 (order: 3, 32768 bytes)
[    0.061474] Last level iTLB entries: 4KB 1024, 2MB 1024, 4MB 512
[    0.064004] Last level dTLB entries: 4KB 2048, 2MB 2048, 4MB 1024, 1GB 0
[    0.068003] Spectre V1 : Mitigation: usercopy/swapgs barriers and __user pointer sanitization
[    0.072003] Spectre V2 : Mitigation: Retpolines
[    0.076002] Spectre V2 : Spectre v2 / SpectreRSB mitigation: Filling RSB on context switch
[    0.080002] Spectre V2 : Spectre v2 / SpectreRSB : Filling RSB on VMEXIT
[    0.084004] RETBleed: Vulnerable
[    0.088178] Freeing SMP alternatives memory: 36K
[    0.204982] smpboot: CPU0: AMD Ryzen 5 3600 6-Core Processor (family: 0x17, model: 0x71, stepping: 0x0)
[    0.208538] Performance Events: PMU not available due to virtualization, using software events only.
[    0.212138] Hierarchical SRCU implementation.
[    0.216848] NMI watchdog: Perf event create on CPU 0 failed with -2
[    0.220002] NMI watchdog: Perf NMI watchdog permanently disabled
[    0.224409] smp: Bringing up secondary CPUs ...
[    0.229189] x86: Booting SMP configuration:
[    0.232003] .... node  #0, CPUs:      #1
[    0.004000] kvm-clock: cpu 1, msr 0:7ff44041, secondary cpu clock
[    0.244000] TSC synchronization [CPU#0 -> CPU#1]:
[    0.244000] Measured 70096 cycles TSC warp between CPUs, turning off TSC clock.
[    0.244000] tsc: Marking TSC unstable due to check_tsc_sync_source failed
[    0.248266] smp: Brought up 1 node, 2 CPUs
[    0.252021] smpboot: Max logical packages: 1
[    0.256004] smpboot: Total of 2 processors activated (14373.08 BogoMIPS)
[    0.264177] devtmpfs: initialized
[    0.268567] x86/mm: Memory block size: 128MB
[    0.272779] evm: security.selinux
[    0.280002] evm: security.SMACK64
[    0.284002] evm: security.SMACK64EXEC
[    0.288002] evm: security.SMACK64TRANSMUTE
[    0.292003] evm: security.SMACK64MMAP
[    0.296002] evm: security.apparmor
[    0.304002] evm: security.ima
[    0.308003] evm: security.capability
[    0.312324] clocksource: jiffies: mask: 0xffffffff max_cycles: 0xffffffff, max_idle_ns: 7645041785100000 ns
[    0.324008] futex hash table entries: 512 (order: 3, 32768 bytes)
[    0.332442] pinctrl core: initialized pinctrl subsystem
[    0.336453] RTC time: 13:40:00, date: 05/17/23
[    0.345205] NET: Registered protocol family 16
[    0.352194] audit: initializing netlink subsys (disabled)
[    0.360072] audit: type=2000 audit(1684330805.838:1): state=initialized audit_enabled=0 res=1
[    0.364006] cpuidle: using governor ladder
[    0.372008] cpuidle: using governor menu
[    0.378373] ACPI: bus type PCI registered
[    0.380004] acpiphp: ACPI Hot Plug PCI Controller Driver version: 0.5
[    0.388594] PCI: Using configuration type 1 for base access
[    0.392003] PCI: Using configuration type 1 for extended access
[    0.404457] HugeTLB registered 2.00 MiB page size, pre-allocated 0 pages
[    0.416003] ACPI: Added _OSI(Module Device)
[    0.420008] ACPI: Added _OSI(Processor Device)
[    0.424005] ACPI: Added _OSI(3.0 _SCP Extensions)
[    0.428003] ACPI: Added _OSI(Processor Aggregator Device)
[    0.432004] ACPI: Added _OSI(Linux-Dell-Video)
[    0.436003] ACPI: Added _OSI(Linux-Lenovo-NV-HDMI-Audio)
[    0.444003] ACPI: Added _OSI(Linux-HPI-Hybrid-Graphics)
[    0.448972] ACPI: Executed 1 blocks of module-level executable AML code
[    0.462140] ACPI: Interpreter enabled
[    0.464012] ACPI: (supports S0 S5)
[    0.468003] ACPI: Using IOAPIC for interrupt routing
[    0.472415] PCI: Using host bridge windows from ACPI; if necessary, use "pci=nocrs" and report a bug
[    0.480272] ACPI: Enabled 2 GPEs in block 00 to 07
[    0.499306] ACPI: PCI Root Bridge [PCI0] (domain 0000 [bus 00-ff])
[    0.504008] acpi PNP0A03:00: _OSC: OS supports [ExtendedConfig ASPM ClockPM Segments MSI]
[    0.513608] acpi PNP0A03:00: _OSC: platform does not support [PCIeCapability]
[    0.520812] acpi PNP0A03:00: _OSC: not requesting control; platform does not support [PCIeCapability]
[    0.528006] acpi PNP0A03:00: _OSC: OS requested [PCIeHotplug PME AER PCIeCapability]
[    0.536004] acpi PNP0A03:00: _OSC: platform willing to grant [PCIeHotplug PME AER]
[    0.544004] acpi PNP0A03:00: _OSC failed (AE_SUPPORT); disabling ASPM
[    0.548893] PCI host bridge to bus 0000:00
[    0.556112] pci_bus 0000:00: root bus resource [io  0x0000-0x0cf7 window]
[    0.560004] pci_bus 0000:00: root bus resource [io  0x0d00-0xffff window]
[    0.568006] pci_bus 0000:00: root bus resource [mem 0x000a0000-0x000bffff window]
[    0.576008] pci_bus 0000:00: root bus resource [mem 0x80000000-0xfdffffff window]
[    0.584005] pci_bus 0000:00: root bus resource [bus 00-ff]
[    0.596629] pci 0000:00:01.1: legacy IDE quirk: reg 0x10: [io  0x01f0-0x01f7]
[    0.600005] pci 0000:00:01.1: legacy IDE quirk: reg 0x14: [io  0x03f6]
[    0.608003] pci 0000:00:01.1: legacy IDE quirk: reg 0x18: [io  0x0170-0x0177]
[    0.616004] pci 0000:00:01.1: legacy IDE quirk: reg 0x1c: [io  0x0376]
[    0.642932] pci 0000:00:07.0: quirk: [io  0x4000-0x403f] claimed by PIIX4 ACPI
[    0.648038] pci 0000:00:07.0: quirk: [io  0x4100-0x410f] claimed by PIIX4 SMB
[    0.668069] ACPI: PCI Interrupt Link [LNKA] (IRQs 5 9 10 *11)
[    0.672578] ACPI: PCI Interrupt Link [LNKB] (IRQs 5 9 *10 11)
[    0.680188] ACPI: PCI Interrupt Link [LNKC] (IRQs 5 *9 10 11)
[    0.684226] ACPI: PCI Interrupt Link [LNKD] (IRQs 5 9 10 *11)
[    0.692861] SCSI subsystem initialized
[    0.696232] pci 0000:00:02.0: vgaarb: setting as boot VGA device
[    0.700000] pci 0000:00:02.0: vgaarb: VGA device added: decodes=io+mem,owns=io+mem,locks=none
[    0.708008] pci 0000:00:02.0: vgaarb: bridge control possible
[    0.716003] vgaarb: loaded
[    0.718995] ACPI: bus type USB registered
[    0.724041] usbcore: registered new interface driver usbfs
[    0.728010] usbcore: registered new interface driver hub
[    0.732012] usbcore: registered new device driver usb
[    0.740311] EDAC MC: Ver: 3.0.0
[    0.744757] PCI: Using ACPI for IRQ routing
[    0.748972] NetLabel: Initializing
[    0.752003] NetLabel:  domain hash size = 128
[    0.756002] NetLabel:  protocols = UNLABELED CIPSOv4 CALIPSO
[    0.760117] NetLabel:  unlabeled traffic allowed by default
[    0.764221] clocksource: Switched to clocksource kvm-clock
[    0.816111] VFS: Disk quotas dquot_6.6.0
[    0.824530] VFS: Dquot-cache hash table entries: 512 (order 0, 4096 bytes)
[    0.832737] AppArmor: AppArmor Filesystem Enabled
[    0.838072] pnp: PnP ACPI init
[    0.843554] pnp: PnP ACPI: found 3 devices
[    0.886134] clocksource: acpi_pm: mask: 0xffffff max_cycles: 0xffffff, max_idle_ns: 2085701024 ns
[    0.894284] NET: Registered protocol family 2
[    0.899853] IP idents hash table entries: 32768 (order: 6, 262144 bytes)
[    0.906857] TCP established hash table entries: 16384 (order: 5, 131072 bytes)
[    0.914245] TCP bind hash table entries: 16384 (order: 6, 262144 bytes)
[    0.921699] TCP: Hash tables configured (established 16384 bind 16384)
[    0.928715] UDP hash table entries: 1024 (order: 3, 32768 bytes)
[    0.934644] UDP-Lite hash table entries: 1024 (order: 3, 32768 bytes)
[    0.940877] NET: Registered protocol family 1
[    0.945193] pci 0000:00:00.0: Limiting direct PCI/PCI transfers
[    0.951058] pci 0000:00:01.0: Activating ISA DMA hang workarounds
[    0.957351] pci 0000:00:02.0: Video device with shadowed ROM at [mem 0x000c0000-0x000dffff]
[    0.965558] Unpacking initramfs...
[    1.464520] Freeing initrd memory: 19532K
[    1.468391] clocksource: tsc: mask: 0xffffffffffffffff max_cycles: 0x33cb7f2ba46, max_idle_ns: 440795209771 ns
[    1.477646] platform rtc_cmos: registered platform RTC device (no PNP device found)
[    1.484569] Scanning for low memory corruption every 60 seconds
[    1.491571] Initialise system trusted keyrings
[    1.496095] Key type blacklist registered
[    1.500348] workingset: timestamp_bits=36 max_order=19 bucket_order=0
[    1.508818] zbud: loaded
[    1.512712] squashfs: version 4.0 (2009/01/31) Phillip Lougher
[    1.519031] fuse init (API version 7.26)
[    1.551548] Key type asymmetric registered
[    1.555721] Asymmetric key parser 'x509' registered
[    1.560821] Block layer SCSI generic (bsg) driver version 0.4 loaded (major 246)
[    1.568273] io scheduler noop registered
[    1.572334] io scheduler deadline registered
[    1.576751] io scheduler cfq registered (default)
[    1.581918] ACPI: AC Adapter [AC] (on-line)
[    1.586239] input: Power Button as /devices/LNXSYSTM:00/LNXPWRBN:00/input/input0
[    1.593668] ACPI: Power Button [PWRF]
[    1.597910] input: Sleep Button as /devices/LNXSYSTM:00/LNXSLPBN:00/input/input1
[    1.604993] ACPI: Sleep Button [SLPF]
[    1.610069] Serial: 8250/16550 driver, 32 ports, IRQ sharing enabled
[    1.643033] 00:02: ttyS0 at I/O 0x3f8 (irq = 4, base_baud = 115200) is a 16550A
[    1.666361] Linux agpgart interface v0.103
[    1.679978] loop: module loaded
[    1.685638] scsi host0: ata_piix
[    1.689594] scsi host1: ata_piix
[    1.693094] ata1: PATA max UDMA/33 cmd 0x1f0 ctl 0x3f6 bmdma 0xd000 irq 14
[    1.699645] ata2: PATA max UDMA/33 cmd 0x170 ctl 0x376 bmdma 0xd008 irq 15
[    1.706283] tun: Universal TUN/TAP device driver, 1.6
[    1.711644] PPP generic driver version 2.4.2
[    1.716649] ehci_hcd: USB 2.0 'Enhanced' Host Controller (EHCI) Driver
[    1.722890] ehci-pci: EHCI PCI platform driver
[    1.727280] ehci-platform: EHCI generic platform driver
[    1.732310] ohci_hcd: USB 1.1 'Open' Host Controller (OHCI) Driver
[    1.738418] ohci-pci: OHCI PCI platform driver
[    1.742816] ohci-platform: OHCI generic platform driver
[    1.747858] uhci_hcd: USB Universal Host Controller Interface driver
[    1.754096] i8042: PNP: PS/2 Controller [PNP0303:PS2K,PNP0f03:PS2M] at 0x60,0x64 irq 1,12
[    1.764902] serio: i8042 KBD port at 0x60,0x64 irq 1
[    1.769468] serio: i8042 AUX port at 0x60,0x64 irq 12
[    1.774860] mousedev: PS/2 mouse device common for all mice
[    1.782801] rtc_cmos rtc_cmos: rtc core: registered rtc_cmos as rtc0
[    1.789469] rtc_cmos rtc_cmos: alarms up to one day, 114 bytes nvram
[    1.795541] i2c /dev entries driver
[    1.799210] input: AT Translated Set 2 keyboard as /devices/platform/i8042/serio0/input/input2
[    1.799318] device-mapper: uevent: version 1.0.3
[    1.812071] device-mapper: ioctl: 4.37.0-ioctl (2017-09-20) initialised: dm-devel@redhat.com
[    1.820710] ledtrig-cpu: registered to indicate activity on CPUs
[    1.828721] NET: Registered protocol family 10
[    1.840730] Segment Routing with IPv6
[    1.844015] NET: Registered protocol family 17
[    1.849054] Key type dns_resolver registered
[    1.854025] mce: Using 0 MCE banks
[    1.857867] RAS: Correctable Errors collector initialized.
[    1.863327] sched_clock: Marking stable (1863222906, 0)->(2615785547, -752562641)
[    1.900856] registered taskstats version 1
[    1.904820] Loading compiled-in X.509 certificates
[    1.911442] Loaded X.509 cert 'Build time autogenerated kernel key: 53bf99db7da04c05fe17f7beec9ce15c83db2223'
[    1.921160] Loaded X.509 cert 'Canonical Ltd. Live Patch Signing: 14df34d1a87cf37625abec039ef2bf521249b969'
[    1.931944] Loaded X.509 cert 'Canonical Ltd. Kernel Module Signing: 88f752e560a1e0737e31163a466ad7b70a850c19'
[    1.941262] blacklist: Loading compiled-in revocation X.509 certificates
[    1.947141] Loaded X.509 cert 'Canonical Ltd. Secure Boot Signing: 61482aa2830d0ab2ad5af10b7250da9033ddcef0'
[    1.956240] Loaded X.509 cert 'Canonical Ltd. Secure Boot Signing (2017): 242ade75ac4a15e50d50c84b0d45ff3eae707a03'
[    1.965667] Loaded X.509 cert 'Canonical Ltd. Secure Boot Signing (ESM 2018): 365188c1d374d6b07c3c8f240f8ef722433d6a8b'
[    1.975249] Loaded X.509 cert 'Canonical Ltd. Secure Boot Signing (2019): c0746fd6c5da3ae827864651ad66ae47fe24b3e8'
[    1.984714] Loaded X.509 cert 'Canonical Ltd. Secure Boot Signing (2021 v1): a8d54bbb3825cfb94fa13c9f8a594a195c107b8d'
[    1.994879] Loaded X.509 cert 'Canonical Ltd. Secure Boot Signing (2021 v2): 4cf046892d6fd3c9a5b03f98d845f90851dc6a8c'
[    2.004386] Loaded X.509 cert 'Canonical Ltd. Secure Boot Signing (2021 v3): 100437bb6de6e469b581e61cd66bce3ef4ed53af'
[    2.014008] Loaded X.509 cert 'Canonical Ltd. Secure Boot Signing (Ubuntu Core 2019): c1d57b8f6b743f23ee41f4f7ee292f06eecadfb9'
[    2.024118] zswap: loaded using pool lzo/zbud
[    2.036635] Key type big_key registered
[    2.040560] Key type trusted registered
[    2.047248] Key type encrypted registered
[    2.051391] AppArmor: AppArmor sha1 policy hashing enabled
[    2.056897] ima: No TPM chip found, activating TPM-bypass! (rc=-19)
[    2.062847] ima: Allocated hash algorithm: sha1
[    2.067378] evm: HMAC attrs: 0x1
[    2.071560]   Magic number: 7:781:685
[    2.075415]  clocksource: hash matches
[    2.079370] rtc_cmos rtc_cmos: setting system clock to 2023-05-17 13:40:02 UTC (1684330802)
[    2.087042] BIOS EDD facility v0.16 2004-Jun-25, 0 devices found
[    2.092523] EDD information not available.
[    2.099542] Freeing unused kernel image memory: 2480K
[    2.124287] Write protecting the kernel read-only data: 20480k
[    2.130501] Freeing unused kernel image memory: 2008K
[    2.135439] Freeing unused kernel image memory: 1820K
[    2.146076] x86/mm: Checked W+X mappings: passed, no W+X pages found.
Loading, please wait...
starting version 237
[    2.213865] e1000: Intel(R) PRO/1000 Network Driver - version 7.3.21-k8-NAPI
[    2.220435] e1000: Copyright (c) 1999-2006 Intel Corporation.
[    2.232920] Fusion MPT base driver 3.04.20
[    2.236721] Copyright (c) 1999-2008 LSI Corporation
[    2.265543] SSE version of gcm_enc/dec engaged.
[    2.273834] Fusion MPT SPI Host driver 3.04.20
[    2.481185] input: ImExPS/2 Generic Explorer Mouse as /devices/platform/i8042/serio1/input/input4
[    2.913761] e1000 0000:00:03.0 eth0: (PCI:33MHz:32-bit) 02:3e:6f:b6:28:d7
[    2.919831] e1000 0000:00:03.0 eth0: Intel(R) PRO/1000 Network Connection
[    2.928090] mptbase: ioc0: Initiating bringup
[    3.246836] ioc0: LSI53C1030 A0: Capabilities={Initiator}
[    4.304461] scsi host2: ioc0: LSI53C1030 A0, FwRev=00000000h, Ports=1, MaxQ=256, IRQ=20
[    4.538844] scsi 2:0:0:0: Direct-Access     VBOX     HARDDISK         1.0  PQ: 0 ANSI: 5
[    4.589070] scsi target2:0:0: Beginning Domain Validation
[    4.617296] scsi target2:0:0: Domain Validation skipping write tests
[    4.623656] scsi target2:0:0: Ending Domain Validation
[    4.629009] scsi target2:0:0: asynchronous
[    4.634855] scsi 2:0:1:0: Direct-Access     VBOX     HARDDISK         1.0  PQ: 0 ANSI: 5
[    4.993292] scsi target2:0:1: Beginning Domain Validation
[    5.006320] scsi target2:0:1: Domain Validation skipping write tests
[    5.012309] scsi target2:0:1: Ending Domain Validation
[    5.018482] scsi target2:0:1: asynchronous
[    5.036020] sd 2:0:0:0: Attached scsi generic sg0 type 0
[    5.041301] sd 2:0:0:0: [sda] 83886080 512-byte logical blocks: (42.9 GB/40.0 GiB)
[    5.049723] sd 2:0:0:0: [sda] Write Protect is off
[    5.055561] sd 2:0:0:0: [sda] Incomplete mode parameter data
[    5.061007] sd 2:0:0:0: [sda] Assuming drive cache: write through
[    5.068687] sd 2:0:1:0: Attached scsi generic sg1 type 0
[    5.075989] sd 2:0:1:0: [sdb] 20480 512-byte logical blocks: (10.5 MB/10.0 MiB)
[    5.084993] sd 2:0:1:0: [sdb] Write Protect is off
[    5.092533] sd 2:0:1:0: [sdb] Incomplete mode parameter data
[    5.098668] sd 2:0:1:0: [sdb] Assuming drive cache: write through
[    5.107102]  sda: sda1
[    5.120963] sd 2:0:0:0: [sda] Attached SCSI disk
[    5.129851] sd 2:0:1:0: [sdb] Attached SCSI disk
[    5.273664] e1000 0000:00:08.0 eth1: (PCI:33MHz:32-bit) 08:00:27:df:83:b8
[    5.281381] e1000 0000:00:08.0 eth1: Intel(R) PRO/1000 Network Connection
[    5.290576] e1000 0000:00:03.0 enp0s3: renamed from eth0
[    5.308338] e1000 0000:00:08.0 enp0s8: renamed from eth1
Begin: Loading essential drivers ... [    7.112882] raid6: sse2x1   gen()  8113 MB/s
[    7.164361] raid6: sse2x1   xor()  7879 MB/s
[    7.216250] raid6: sse2x2   gen() 16872 MB/s
[    7.268186] raid6: sse2x2   xor() 10779 MB/s
[    7.316063] raid6: sse2x4   gen() 16913 MB/s
[    7.368904] raid6: sse2x4   xor()  8050 MB/s
[    7.372944] raid6: using algorithm sse2x4 gen() 16913 MB/s
[    7.377886] raid6: .... xor() 8050 MB/s, rmw enabled
[    7.382388] raid6: using ssse3x2 recovery algorithm
[    7.389624] xor: measuring software checksum speed
[   12.439241]    prefetch64-sse: -13821.-296 MB/sec
[   12.542939]    generic_sse: 40995.000 MB/sec
[   12.546991] xor: using function: generic_sse (40995.000 MB/sec)
[   12.554092] async_tx: api initialized (async)
done.
Begin: Running /scripts/init-premount ... done.
Begin: Mounting root file system ... Begin: Running /scripts/local-top ... done.
Begin: Running /scripts/local-premount ... [   12.607008] Btrfs loaded, crc32c=crc32c-intel
Scanning for Btrfs filesystems
done.
Warning: fsck not present, so skipping root file system
[   12.660432] EXT4-fs (sda1): mounted filesystem with ordered data mode. Opts: (null)
done.
Begin: Running /scripts/local-bottom ... done.
Begin: Running /scripts/init-bottom ... done.
[   12.914441] ip_tables: (C) 2000-2006 Netfilter Core Team
[   12.938453] systemd[1]: systemd 237 running in system mode. (+PAM +AUDIT +SELINUX +IMA +APPARMOR +SMACK +SYSVINIT +UTMP +LIBCRYPTSETUP +GCRYPT +GNUTLS +ACL +XZ +LZ4 +SECCOMP +BLKID +ELFUTILS +KMOD -IDN2 +IDN -PCRE2 default-hierarchy=hybrid)
[   12.957245] systemd[1]: Detected virtualization oracle.
[   12.962015] systemd[1]: Detected architecture x86-64.

Welcome to [1mUbuntu 18.04.6 LTS[0m!

[   12.993443] systemd[1]: Set hostname to <ubuntu>.
[   13.004498] systemd[1]: Initializing machine ID from random generator.
[   13.010482] systemd[1]: Installed transient /etc/machine-id file.
[   13.371035] systemd[1]: Set up automount Arbitrary Executable File Formats File System Automount Point.
[[0;32m  OK  [0m] Set up automount Arbitrary Executab…rmats File System Automount Point.
[   13.382346] systemd[1]: Reached target System Time Synchronized.
[[0;32m  OK  [0m] Reached target System Time Synchronized.
[   13.390092] systemd[1]: Reached target Mounting snaps.
[[0;32m  OK  [0m] Reached target Mounting snaps.
[   13.396447] systemd[1]: Started Forward Password Requests to Wall Directory Watch.
[[0;32m  OK  [0m] Started Forward Password Requests to Wall Directory Watch.
[[0;32m  OK  [0m] Reached target Swap.
[[0;32m  OK  [0m] Reached target Mounted snaps.
[[0;32m  OK  [0m] Created slice User and Session Slice.
[[0;32m  OK  [0m] Reached target User and Group Name Lookups.
[[0;32m  OK  [0m] Created slice System Slice.
[[0;32m  OK  [0m] Listening on Syslog Socket.
[[0;32m  OK  [0m] Listening on udev Kernel Socket.
[[0;32m  OK  [0m] Listening on /dev/initctl Compatibility Named Pipe.
[[0;32m  OK  [0m] Listening on Journal Audit Socket.
[[0;32m  OK  [0m] Listening on Journal Socket.
         Mounting POSIX Message Queue File System...
         Starting Create list of required st…ce nodes for the current kernel...
         Starting Uncomplicated firewall...
[[0;32m  OK  [0m] Listening on Journal Socket (/dev/log).
         Starting Journal Service...
         Starting Load Kernel Modules...
[[0;32m  OK  [0m] Listening on udev Control Socket.
[[0;32m  OK  [0m] Listening on LVM2 poll daemon socket.
[[0;32m  OK  [0m] Listening on Device-mapper event daemon FIFOs.
         Starting Set the console keyboard layout...
         Starting udev Coldplug all Devices...
[[0;32m  OK  [0m] Listening on LVM2 metadata daemon socket.
[[0;32m  OK  [0m] Created slice system-serial\x2dgetty.slice.
[[0;32m  OK  [0m] Reached target Slices.
[[0;32m  OK  [0m] Listening on fsck to fsckd communication Socket.
[   13.522824] Loading iSCSI transport class v2.0-870.
         Mounting Huge Pages File System...
         Mounting Kernel Debug File System...
         Starting File System Check on Root Device...
         Starting Monitoring of LVM2 mirrors…ng dmeventd or progress polling...
[[0;32m  OK  [0m] Listening on Network Service Netlink Socket.
[[0;32m  OK  [0m] Mounted POSIX Message Queue File System.
[[0;32m  OK  [0m] Started Create list of required sta…vice nodes for the current kernel.
[[0;32m  OK  [0m] Started Uncomplicated firewall.
[[0;32m  OK  [0m] Mounted Huge Pages File System.
[[0;32m  OK  [0m] [   13.566255] iscsi: registered transport (tcp)
Started Journal Service.
[[0;32m  OK  [0m] Mounted Kernel Debug File System.
         Starting Create Static Device Nodes in /dev...
[[0;32m  OK  [0m] Started udev Coldplug all Devices.
[[0;32m  OK  [0m] Started File System Check Daemon to report status.
[[0;32m  OK  [0m] Started LVM2 metadata daemon.
[[0;32m  OK  [0m] Started Create Static Device Nodes in /dev.
[   13.689179] iscsi: registered transport (iser)
[[0;32m  OK  [0m] Started Load Kernel Modules.
         Mounting Kernel Configuration File System...
         Starting Apply Kernel Variables...
         Mounting FUSE Control File System...
[[0;32m  OK  [0m] Mounted Kernel Configuration File System.
[[0;32m  OK  [0m] Mounted FUSE Control File System.
[[0;32m  OK  [0m] Started File System Check on Root Device.
         Starting Remount Root and Kernel File Systems...
[[0;32m  OK  [0m] Started Monitoring of LVM2 mirrors,…sing dmeventd or progress polling.
[   13.767763] EXT4-fs (sda1): re-mounted. Opts: (null)
[[0;32m  OK  [0m] Started Remount Root and Kernel File Systems.
         Starting Flush Journal to Persistent Storage...
         Starting udev Kernel Device Manager...
         Starting Load/Save Random Seed...
[   13.809480] systemd-journald[414]: Received request to flush runtime journal from PID 1
[[0;32m  OK  [0m] Started Apply Kernel Variables.
[[0;32m  OK  [0m] Started Load/Save Random Seed.
[[0;32m  OK  [0m] Started Set the console keyboard layout.
[[0;32m  OK  [0m] Reached target Local File Systems (Pre).
[[0;32m  OK  [0m] Reached target Local File Systems.
         Starting ebtables ruleset management...
         Starting AppArmor initialization...
         Starting Tell Plymouth To Write Out Runtime Data...
         Starting Set console font and keymap...
         Starting Commit a transient machine-id on disk...
[[0;32m  OK  [0m] Started udev Kernel Device Manager.
[[0;32m  OK  [0m] Started Dispatch Password Requests to Console Directory Watch.
[[0;32m  OK  [0m] Reached target Local Encrypted Volumes.
[[0;32m  OK  [0m] Started Flush Journal to Persistent Storage.
         Starting Create Volatile Files and Directories...
[[0;32m  OK  [0m] Started Tell Plymouth To Write Out Runtime Data.
[[0;32m  OK  [0m] Started Set console font and keymap.
[[0;32m  OK  [0m] Started Create Volatile Files and Directories.
         Starting Update UTMP about System Boot/Shutdown...
[[0;32m  OK  [0m] Started Update UTMP about System Boot/Shutdown.
[[0;32m  OK  [0m] Started Commit a transient machine-id on disk.
[[0;32m  OK  [0m] Started ebtables ruleset management.
[[0;32m  OK  [0m] Found device /dev/ttyS0.
[[0;32m  OK  [0m] Listening on Load/Save RF Kill Switch Status /dev/rfkill Watch.
         Mounting Arbitrary Executable File Formats File System...
[[0;32m  OK  [0m] Mounted Arbitrary Executable File Formats File System.
[[0;32m  OK  [0m] Started AppArmor initialization.
         Starting Load AppArmor profiles managed internally by snapd...
         Starting Initial cloud-init job (pre-networking)...
[[0;32m  OK  [0m] Started Load AppArmor profiles managed internally by snapd.
[   16.364970] cloud-init[557]: Cloud-init v. 23.1.2-0ubuntu0~18.04.1 running 'init-local' at Wed, 17 May 2023 13:40:16 +0000. Up 16.03 seconds.
[[0;32m  OK  [0m] Started Initial cloud-init job (pre-networking).
[[0;32m  OK  [0m] Reached target Network (Pre).
         Starting Network Service...
[[0;32m  OK  [0m] Started Network Service.
         Starting Network Name Resolution...
         Starting Wait for Network to be Configured...
[[0;32m  OK  [0m] Started Network Name Resolution.
[[0;32m  OK  [0m] Reached target Host and Network Name Lookups.
[[0;32m  OK  [0m] Reached target Network.
[[0;32m  OK  [0m] Started Wait for Network to be Configured.
         Starting Initial cloud-init job (metadata service crawler)...
[   18.273855] cloud-init[658]: Cloud-init v. 23.1.2-0ubuntu0~18.04.1 running 'init' at Wed, 17 May 2023 13:40:18 +0000. Up 18.17 seconds.
[   18.280657] cloud-init[658]: ci-info: ++++++++++++++++++++++++++++++++++++++Net device info+++++++++++++++++++++++++++++++++++++++
[   18.287558] cloud-init[658]: ci-info: +--------+-------+----------------------------+---------------+--------+-------------------+
[   18.295864] cloud-init[658]: ci-info: | Device |   Up  |          Address           |      Mask     | Scope  |     Hw-Address    |
[   18.302319] cloud-init[658]: ci-info: +--------+-------+----------------------------+---------------+--------+-------------------+
[   18.309133] cloud-init[658]: ci-info: | enp0s3 |  True |         10.0.2.15          | 255.255.255.0 | global | 02:3e:6f:b6:28:d7 |
[   18.315455] cloud-init[658]: ci-info: | enp0s3 |  True | fe80::3e:6fff:feb6:28d7/64 |       .       |  link  | 02:3e:6f:b6:28:d7 |
[   18.322321] cloud-init[658]: ci-info: | enp0s8 | False |             .              |       .       |   .    | 08:00:27:df:83:b8 |
[   18.329331] cloud-init[658]: ci-info: |   lo   |  True |         127.0.0.1          |   255.0.0.0   |  host  |         .         |
[   18.335830] cloud-init[658]: ci-info: |   lo   |  True |          ::1/128           |       .       |  host  |         .         |
[   18.342495] cloud-init[658]: ci-info: +--------+-------+----------------------------+---------------+--------+-------------------+
[   18.348863] cloud-init[658]: ci-info: ++++++++++++++++++++++++++++Route IPv4 info+++++++++++++++++++++++++++++
[   18.355634] cloud-init[658]: ci-info: +-------+-------------+----------+-----------------+-----------+-------+
[   18.361633] cloud-init[658]: ci-info: | Route | Destination | Gateway  |     Genmask     | Interface | Flags |
[   18.367904] cloud-init[658]: ci-info: +-------+-------------+----------+-----------------+-----------+-------+
[   18.373835] cloud-init[658]: ci-info: |   0   |   0.0.0.0   | 10.0.2.2 |     0.0.0.0     |   enp0s3  |   UG  |
[   18.379641] cloud-init[658]: ci-info: |   1   |   10.0.2.0  | 0.0.0.0  |  255.255.255.0  |   enp0s3  |   U   |
[   18.385633] cloud-init[658]: ci-info: |   2   |   10.0.2.2  | 0.0.0.0  | 255.255.255.255 |   enp0s3  |   UH  |
[   18.391358] cloud-init[658]: ci-info: +-------+-------------+----------+-----------------+-----------+-------+
[   18.397362] cloud-init[658]: ci-info: +++++++++++++++++++Route IPv6 info+++++++++++++++++++
[   18.402994] cloud-init[658]: ci-info: +-------+-------------+---------+-----------+-------+
[   18.409883] cloud-init[658]: ci-info: | Route | Destination | Gateway | Interface | Flags |
[   18.417307] cloud-init[658]: ci-info: +-------+-------------+---------+-----------+-------+
[   18.425253] cloud-init[658]: ci-info: |   1   |  fe80::/64  |    ::   |   enp0s3  |   U   |
[   18.433497] cloud-init[658]: ci-info: |   3   |    local    |    ::   |   enp0s3  |   U   |
[   18.440701] cloud-init[658]: ci-info: |   4   |   ff00::/8  |    ::   |   enp0s3  |   U   |
[   18.447975] cloud-init[658]: ci-info: +-------+-------------+---------+-----------+-------+
[   19.265506] cloud-init[658]: Generating public/private rsa key pair.
[   19.270383] cloud-init[658]: Your identification has been saved in /etc/ssh/ssh_host_rsa_key.
[   19.276283] cloud-init[658]: Your public key has been saved in /etc/ssh/ssh_host_rsa_key.pub.
[   19.282392] cloud-init[658]: The key fingerprint is:
[   19.286553] cloud-init[658]: SHA256:ZKB3L4M/lM/F1vdTRTe037ad3GqrE0xDRf92xN+urZc root@ubuntu-bionic
[   19.292908] cloud-init[658]: The key's randomart image is:
[   19.301251] cloud-init[658]: +---[RSA 2048]----+
[   19.306414] cloud-init[658]: |      .      o+oo|
[   19.310690] cloud-init[658]: |     . .    .  ++|
[   19.315806] cloud-init[658]: [[0;32m  OK  [0m] Started Initial cloud-init job (metadata service crawler).
[[0;32m  OK  [0m] Reached target Network is Online.
|    . . +  .   .=|
         Starting Availability of block devices...
[[0;32m  OK  [0m] Reached target Remote File Systems (Pre).
[[0;32m  OK  [0m] Reached target Remote File Systems.
[   19.334427] [[0;32m  OK  [0m] Reached target System Initialization.
[[0;32m  OK  [0m] Started Daily Cleanup of Temporary Directories.
[[0;32m  OK  [0m] Listening on cloud-init hotplug hook socket.
[[0;32m  OK  [0m] Listening on Open-iSCSI iscsid Socket.
[[0;32m  OK  [0m] Started Ubuntu Advantage Timer for running repeated jobs.
         Starting LXD - unix socket.
[[0;32m  OK  [0m] Listening on D-Bus System Message Bus Socket.
[[0;32m  OK  [0m] Started ACPI Events Check.
[[0;32m  OK  [0m] Reached target Paths.
[[0;32m  OK  [0m] Started Daily apt download activities.
         Starting Socket activation for snappy daemon.
[[0;32m  OK  [0m] Started Daily apt upgrade and clean activities.
[[0;32m  OK  [0m] Listening on UUID daemon activation socket.
[[0;32m  OK  [0m] Listening on ACPID Listen Socket.
[[0;32m  OK  [0m] Started Discard unused blocks once a week.
[[0;32m  OK  [0m] Started Message of the Day.
[[0;32m  OK  [0m] Reached target Timers.
[[0;32m  OK  [0m] Reached target Cloud-config availability.
[[0;32m  OK  [0m] Started Availability of block devices.
[[0;32m  OK  [0m] Listening on Socket activation for snappy daemon.
[[0;32m  OK  [0m] Listening on LXD - unix socket.
[[0;32m  OK  [0m] Reached target Sockets.
[[0;32m  OK  [0m] Reached target Basic System.
[[0;32m  OK  [0m] Started FUSE filesystem for LXC.
         Starting Accounts Service...
         Starting LSB: automatic crash report generation...
         Starting Dispatcher daemon for systemd-networkd...
[[0;32m  OK  [0m] Reached target Login Prompts (Pre).
[[0;32m  OK  [0m] Started D-Bus System Message Bus.
cloud-init[658]: |     . = o .o. .B|
[   19.387609] cloud-init[658]: |      . S .o+.. %|
[   19.394169] cloud-init[658]: |       o = oo .=O|
[   19.399774] cloud-init[658]: |        o o  . =*|
[   19.409034] cloud-init[658]: |         .  . .Eo|
[   19.415322] cloud-init[658]: |            .+=+.|
[   19.422140] cloud-init[658]: +----[SHA256]-----+
[   19.427501] cloud-init[658]: Generating public/private dsa key pair.
[   19.433368] cloud-init[658]: Your identification has been saved in /etc/ssh/ssh_host_dsa_key.
[   19.439835] cloud-init[658]: Your public key has been saved in /etc/ssh/ssh_host_dsa_key.pub.
[   19.445937] cloud-init         Starting LXD - container startup/shutdown...
[[0;32m  OK  [0m] Started Deferred execution scheduler.
         Starting LSB: Record successful boot for GRUB...
[658]: The key fingerprint is:
[   19.459615] cloud-init[658]: SHA256:BLm12RmN9QRa6cO7J5CUcKkkZQoxnM0TwqLV6L+fmMc root@ubuntu-bionic
[   19.466075] cloud-init[658]: The key's randomart image is:
[   19.470709] cloud-init[658]: +---[DSA 1024]----+
[   19.476015] cloud-init[658]: |   ===o+o  =+o.  |
[   19.481424] cloud-init[658]: |  + =+*++ =ooo   |
[   19.486973] cloud-init[658]: | + .  .*.B.*  .  |
[   19.492626] cloud-init[658]: |. .   ..+ = +    |
[   19.498800] cloud-init[658]: |   .    S. . o   |
[   19.504359] cloud-init[658]: |    .     o .    |
[   19.512468] cloud-init[658]: |     o     . .   |
[   19.517144] cloud-init[658]: |    .oE.    o .  |
[   19.522118] cloud-init[658]: [[0;32m  OK  [0m] Started Regular background program processing daemon.
|    ooo      o   |
[   19.534705] cloud-init[658]: +----[SHA256]-----+
[   19.540829] cloud-init[658]: Generating public/private ecdsa key pair.
[   19.546721] cloud-init[658]: Your identification has been saved in /etc/ssh/ssh_host_ecdsa_key.
[   19.553735] cloud-init[658]: Your public key has been saved in /etc/ssh/ssh_host_ecdsa_key.pub.
[   19.561800] cloud-init[658]: The key fingerprint is:
         Starting Snap Daemon...
         Starting Virtualbox guest utils...
         Starting System Logging Service...
[   19.574638] cloud-init[658]: SHA256:YFgdbqDcbcAibZGWUgVcJeINLsaSi7/a2aaTCb4NEuM root@ubuntu-bionic
[   19.580941] cloud-init[658]: The key's randomart image is:
[   19.586467] cloud-init[658]: +---[ECDSA 256]---+
[   19.590486] cloud-init[658]: |   +*OBoo.       |
[   19.595522] cloud-init[658]: | oo+OO.*.        |
[   19.599785] cloud-init[658]: |o +=*.= =        |
[   19.604053] cloud-init[658]: |.+ . . +         |
[   19.608558] cloud-init[658]: |=       S        |
[   19.613229] cloud-init[658]: |o+               |
[   19.617960] cloud-init[658]: |oE.o             |
[   19.622630] cloud-init[658]: |.o*+.            |
[   19.627116] [[0;32m  OK  [0m] Started irqbalance daemon.
cloud-init[658]: |.o*=.            |
[   19.637832] cloud-init[658]: +----[SHA256]-----+
[   19.642161] cloud-init[658]: Generating public/private ed25519 key pair.
[   19.647196] cloud-init[658]: Your identification has been saved in /etc/ssh/ssh_host_ed25519_key.
[   19.652941] cloud-init[658]: Your public key has been saved in /etc/ssh/ssh_host_ed25519_key.pub.
[   19.659648] cloud-init[658]: The key fingerprint is:
[   19.664465] cloud-init[658]: SHA256:kUoRPvpMr2JNtx2rC/U2t7EPnEMxQ35qlDiAyPV2Upc root@ubuntu-bionic
[   19.670211] cloud-init[658]: The key's randomart image is:
[   19.674574] cloud-init[658]: +--[ED25519 256]--+         Starting Permit User Sessions...

[   19.682815] cloud-init[658]:          Starting Pollinate to seed the pseudo random number generator...
|   . o+o. . o.   |
         Starting Login Service...
[   19.702187] cloud-init[658]: |    o..o + =E.   |
[   19.712218] cloud-init[658]: |      + * + B .  |
[   19.717819] cloud-init[658]: |     o + + o *   |
[   19.722724] cloud-init[658]: |    . o S   +    |
[   19.729571] cloud-init[658]: |     +.o...+ .   |
[   19.737044] cloud-init[658]: |     o+..o+oB    |
[   19.741386] cloud-init[658]: |    o .o..oo *   |
[   19.746772] cloud-init[658]: |   . .. oo  o..  |
[   19.751245] cloud-init[658]: +----[SHA256]-----+
[[0;32m  OK  [0m] Started System Logging Service.
[[0;32m  OK  [0m] Started Permit User Sessions.
[[0;32m  OK  [0m] Started Login Service.
[[0;32m  OK  [0m] Started Unattended Upgrades Shutdown.
         Starting Terminate Plymouth Boot Screen...
         Starting Hold until boot process finishes up...
         Starting Authorization Manager...
[[0;32m  OK  [0m] Started Terminate Plymouth Boot Screen.
[[0;32m  OK  [0m] Started Hold until boot process finishes up.
[[0;32m  OK  [0m] Started Serial Getty on ttyS0.
         Starting Set console scheme...
[[0;32m  OK  [0m] Started Set console scheme.
[[0;32m  OK  [0m] Created slice system-getty.slice.
[[0;32m  OK  [0m] Started Getty on tty1.
[[0;32m  OK  [0m] Reached target Login Prompts.
[[0;32m  OK  [0m] Started LSB: automatic crash report generation.
[[0;32m  OK  [0m] Started LSB: Record successful boot for GRUB.
[[0;32m  OK  [0m] Started Authorization Manager.
[[0;32m  OK  [0m] Started Accounts Service.
[[0;32m  OK  [0m] Started Virtualbox guest utils.
[[0;32m  OK  [0m] Started LXD - container startup/shutdown.
[[0;32m  OK  [0m] Started Dispatcher daemon for systemd-networkd.
[[0;32m  OK  [0m] Started Snap Daemon.
         Starting Wait until snapd is fully seeded...
         Starting Time & Date Service...
[[0;32m  OK  [0m] Started Time & Date Service.
[[0;32m  OK  [0m] Started Pollinate to seed the pseudo random number generator.
         Starting OpenBSD Secure Shell server...
[[0;32m  OK  [0m] Started OpenBSD Secure Shell server.
[[0;32m  OK  [0m] Created slice User Slice of vagrant.
         Starting User Manager for UID 1000...
[[0;32m  OK  [0m] Started Session 1 of user vagrant.
[[0;32m  OK  [0m] Started User Manager for UID 1000.
[[0;32m  OK  [0m] Started Wait until snapd is fully seeded.
         Starting Apply the settings specified in cloud-config...
[   24.624502] cloud-init[1277]: Cloud-init v. 23.1.2-0ubuntu0~18.04.1 running 'modules:config' at Wed, 17 May 2023 13:40:23 +0000. Up 23.49 seconds.
[[0;32m  OK  [0m] Started Apply the settings specified in cloud-config.
[[0;32m  OK  [0m] Reached target Multi-User System.
[[0;32m  OK  [0m] Reached target Graphical Interface.
         Starting Update UTMP about System Runlevel Changes...
         Starting Execute cloud user/final scripts...
[[0;32m  OK  [0m] Started Update UTMP about System Runlevel Changes.
ci-info: no authorized SSH keys fingerprints found for user ubuntu.
<14>May 17 13:40:25 cloud-init: #############################################################
<14>May 17 13:40:25 cloud-init: -----BEGIN SSH HOST KEY FINGERPRINTS-----
<14>May 17 13:40:25 cloud-init: 1024 SHA256:BLm12RmN9QRa6cO7J5CUcKkkZQoxnM0TwqLV6L+fmMc root@ubuntu-bionic (DSA)
<14>May 17 13:40:25 cloud-init: 256 SHA256:YFgdbqDcbcAibZGWUgVcJeINLsaSi7/a2aaTCb4NEuM root@ubuntu-bionic (ECDSA)
<14>May 17 13:40:25 cloud-init: 256 SHA256:kUoRPvpMr2JNtx2rC/U2t7EPnEMxQ35qlDiAyPV2Upc root@ubuntu-bionic (ED25519)
<14>May 17 13:40:25 cloud-init: 2048 SHA256:ZKB3L4M/lM/F1vdTRTe037ad3GqrE0xDRf92xN+urZc root@ubuntu-bionic (RSA)
<14>May 17 13:40:25 cloud-init: -----END SSH HOST KEY FINGERPRINTS-----
<14>May 17 13:40:25 cloud-init: #############################################################
-----BEGIN SSH HOST KEY KEYS-----
ecdsa-sha2-nistp256 AAAAE2VjZHNhLXNoYTItbmlzdHAyNTYAAAAIbmlzdHAyNTYAAABBBNpIWZC8TJspktGVMaOBlpKkKXaMAAvAFknqNHRRTPyUSDE9tR+PTjyWQUVZS5k1pig8xcqm9Wz7A2JOMTgS2cI= root@ubuntu-bionic
ssh-ed25519 AAAAC3NzaC1lZDI1NTE5AAAAIIqEhMy4NphcYG1vYED0FErYCbLBSqsdhA8BQIvEwZr8 root@ubuntu-bionic
ssh-rsa AAAAB3NzaC1yc2EAAAADAQABAAABAQDFcVm3Ydra3uc/8qNFWcFTXWuRvulCbQMHfR0uQdIe2uS1WLUqEnrvA3Tg6sKz4j/KT8Diq9xW5HzO8esneUuxCui2XNmpSeQH2NBjdEIsKfSoB1F+U2CiXuzBvwcCrlXMxs5bSWPnvLAmZNL1sV6b7wnY79lV7ZSrIfTCvKItwk7+i7WtV108xBtrYUIenlKEBDLOUK7Ei8MwCvWLE0yTtbnZLsC1/pm/NLkqpfMAbdLGOE80jqO+qXjwm36/8Xid1fjX/K4QO6o7QUpbrPUbt+dzV2PR8LiaowOeHQjAtV7Hxbt95KgDqbhe8ArDVCyUK2YSyImdr9Ud18SqF/PT root@ubuntu-bionic
-----END SSH HOST KEY KEYS-----
[   25.271465] cloud-init[1399]: Cloud-init v. 23.1.2-0ubuntu0~18.04.1 running 'modules:final' at Wed, 17 May 2023 13:40:25 +0000. Up 25.13 seconds.
[   25.271679] cloud-init[1399]: Cloud-init v. 23.1.2-0ubuntu0~18.04.1 finished at Wed, 17 May 2023 13:40:25 +0000. Datasource DataSourceNoCloud [seed=/dev/sdb][dsmode=net].  Up 25.26 seconds

Ubuntu 18.04.6 LTS ubuntu-bionic ttyS0

ubuntu-bionic login: 